<?xml version="1.0" encoding="UTF-8"?>
<!-- Generated by org.testng.reporters.JUnitReportReporter -->
<testsuite hostname="SHAWN" failures="0" tests="4" name="TestNg2.annotationandpriority1" time="10.773" errors="0" timestamp="2023-11-17T13:23:54 IST" skipped="0">
  <testcase classname="TestNg2.annotationandpriority1" name="OpenApp" time="8.770"/>
  <system-out/>
  <testcase classname="TestNg2.annotationandpriority1" name="Login" time="1.870"/>
  <system-out/>
  <testcase classname="TestNg2.annotationandpriority1" name="search" time="0.001"/>
  <system-out/>
  <testcase classname="TestNg2.annotationandpriority1" name="CloseApp" time="0.132"/>
  <system-out/>
</testsuite> <!-- TestNg2.annotationandpriority1 -->
