<?xml version="1.0" encoding="UTF-8"?>
<!-- Generated by org.testng.reporters.JUnitReportReporter -->
<testsuite hostname="SHAWN" failures="0" tests="4" name="TestNg2.Groups" time="13.587" errors="0" timestamp="2023-11-27T13:27:17 IST" skipped="0">
  <testcase classname="TestNg2.Groups" name="OpenApp" time="11.794"/>
  <system-out/>
  <testcase classname="TestNg2.Groups" name="Login" time="1.508"/>
  <system-out/>
  <testcase classname="TestNg2.Groups" name="search" time="0.003"/>
  <system-out/>
  <testcase classname="TestNg2.Groups" name="CloseApp" time="0.282"/>
  <system-out/>
</testsuite> <!-- TestNg2.Groups -->
