<?xml version="1.0" encoding="UTF-8"?>
<!-- Generated by org.testng.reporters.JUnitReportReporter -->
<testsuite hostname="SHAWN" failures="0" tests="1" name="TestNg2.beforeandafter" time="16.240" errors="0" timestamp="2023-11-27T13:17:39 IST" skipped="0">
  <testcase classname="TestNg2.beforeandafter" name="Login" time="16.240"/>
  <system-out/>
</testsuite> <!-- TestNg2.beforeandafter -->
