<?xml version="1.0" encoding="UTF-8"?>
<!-- Generated by org.testng.reporters.JUnitReportReporter -->
<testsuite hostname="SHAWN" failures="0" tests="4" name="TestNg2.Annotationandpriority" time="13.234" errors="0" timestamp="2023-11-17T13:18:38 IST" skipped="0">
  <testcase classname="TestNg2.Annotationandpriority" name="OpenApp" time="11.756"/>
  <system-out/>
  <testcase classname="TestNg2.Annotationandpriority" name="Login" time="1.339"/>
  <system-out/>
  <testcase classname="TestNg2.Annotationandpriority" name="search" time="0.001"/>
  <system-out/>
  <testcase classname="TestNg2.Annotationandpriority" name="CloseApp" time="0.138"/>
  <system-out/>
</testsuite> <!-- TestNg2.Annotationandpriority -->
