<?xml version="1.0" encoding="UTF-8"?>
<!-- Generated by org.testng.reporters.JUnitReportReporter -->
<testsuite hostname="SHAWN" failures="0" tests="2" name="TestNg2.BeforeandAfter1" time="1.666" errors="0" timestamp="2023-11-27T13:15:07 IST" skipped="0">
  <testcase classname="TestNg2.BeforeandAfter1" name="Login" time="1.663"/>
  <system-out/>
  <testcase classname="TestNg2.BeforeandAfter1" name="search" time="0.003"/>
  <system-out/>
</testsuite> <!-- TestNg2.BeforeandAfter1 -->
