<?xml version="1.0" encoding="UTF-8"?>
<!-- Generated by org.testng.reporters.JUnitReportReporter -->
<testsuite hostname="SHAWN" failures="0" tests="4" name="TestNg2.dependsonmethods" time="9.748" errors="0" timestamp="2023-11-21T16:15:44 IST" skipped="0">
  <testcase classname="TestNg2.dependsonmethods" name="OpenApp" time="7.775"/>
  <system-out/>
  <testcase classname="TestNg2.dependsonmethods" name="Login" time="1.565"/>
  <system-out/>
  <testcase classname="TestNg2.dependsonmethods" name="search" time="0.003"/>
  <system-out/>
  <testcase classname="TestNg2.dependsonmethods" name="CloseApp" time="0.405"/>
  <system-out/>
</testsuite> <!-- TestNg2.dependsonmethods -->
